********************************************************************************
PACKAGE-LOG: 2016-08-29 10:11:21
NOTICE: Do NOT post to public sites or forums 
********************************************************************************
VERSION:	1.1.16
WORDPRESS:	4.5.3
PHP INFO:	5.5.30 | SAPI: cgi-fcgi
SERVER:		Apache/2.2.27 (Unix) mod_ssl/2.2.27 OpenSSL/1.0.1e-fips 
PHP TIME LIMIT: (0) no time limit imposed 
PHP MAX MEMORY: 2048M (512M default) 
MEMORY STACK: 35.75MB 

********************************************************************************
DATABASE:
********************************************************************************
BUILD MODE:   PHP(query limit - 100)
MYSQLTIMEOUT: 5000
MYSQLDUMP:    Is Supported 
TABLES: total:123 | filtered:0 | create:123 
FILTERED: [] 
SQL CREATED: 20160829_absbrisbane_57c408ceb86e09324160829100502_database.sql 
SQL FILE SIZE: 6.72MB (7051524) 
SQL FILE TIME: 2016-08-29 10:11:22 
SQL RUNTIME: 0.99 sec. 

******************************************************************************** 
ARCHIVE (ZIP): 
******************************************************************************** 
ARCHIVE DIR:  /home/bbrokers/audemo 
ARCHIVE FILE: 20160829_absbrisbane_57c408ceb86e09324160829100502_archive.zip 
FILTERS: *OFF* 
DIRS:  not set 
EXTS:  not set 
---------------------------------------- 
COMPRESSING 
SIZE:	 
STATS:	Dirs  | Files  
SQL ADDED: 20160829_absbrisbane_57c408ceb86e09324160829100502_database.sql 
ZipArchive Object
(
    [status] => 0
    [statusSys] => 0
    [numFiles] => 1
    [filename] => /home/bbrokers/audemo/wp-snapshots/tmp/20160829_absbrisbane_57c408ceb86e09324160829100502_archive.zip
    [comment] => 
)
 
COMPRESSION RESULT: '1' 
COMPRESSED SIZE: 697.85KB 
ARCHIVE RUNTIME: 0.61 sec. 
MEMORY STACK: 37MB 

******************************************************************************** 
MAKE INSTALLER: 
******************************************************************************** 
Build Start 
Build Finished 
Preping for use 
Template parsed with new data 
Complete [/home/bbrokers/audemo/wp-snapshots/tmp/20160829_absbrisbane_57c408ceb86e09324160829100502_installer.php] 
Added to archive 

******************************************************************************** 
INTEGRITY CHECKS: 
******************************************************************************** 
SQL File: 6.72MB 
Installer File: 347.62KB 
Archive File: 697.85KB  

********************************************************************************
RECORD ID:[1]
TOTAL PROCESS RUNTIME: 1.71 sec.
PEAK PHP MEMORY USED: 39.5MB
DONE PROCESSING => 20160829_absbrisbane 2016-08-29 10:11:22
 
